2018-12-12T11:19:49.239Z - info: No custom webpack config webpack.config.dev.js found in dirs CWD; CWD\archetype\config\webpack
2018-12-12T11:19:49.279Z - info: Entry point configuration D:\COGS-MX\Code\COGS_MX\src\client\entry.config.js is not found, using default entry point...
2018-12-12T11:19:50.362Z - info: Not disabling NodeSourcePlugin.  NODE_ENV: 'development'
2018-12-12T11:19:50.378Z - verbose: Final Webpack config {
  "cache": true,
  "plugins": [
    {
      "options": {
        "options": {
          "debug": false
        },
        "test": {}
      },
      "__name": "LoaderOptionsPlugin"
    },
    {
      "filename": "[name].style.[hash].css",
      "id": 1,
      "options": {},
      "__name": "ExtractTextPlugin"
    },
    {
      "options": {
        "size": 4000,
        "preserve": true,
        "defer": true
      },
      "__name": "CSSSplitWebpackPlugin"
    },
    {
      "options": {
        "options": {
          "context": "D:\\COGS-MX\\Code\\COGS_MX\\src",
          "stylus": {
            "use": []
          }
        },
        "test": {}
      },
      "__name": "LoaderOptionsPlugin"
    },
    {
      "opts": {
        "filename": "../server/stats.json",
        "fields": [
          "assetsByChunkName",
          "assets"
        ]
      },
      "__name": "StatsWriterPlugin"
    },
    {
      "config": {
        "valid": false
      },
      "options": {
        "assetsFile": "../isomorphic-assets.json",
        "webpackDev": {
          "url": "http://localhost:2992",
          "addUrl": false
        }
      },
      "__name": "IsomorphicLoaderPlugin"
    },
    {
      "definitions": {
        "process.env.NODE_ENV": "\"development\""
      },
      "__name": "DefinePlugin"
    },
    {
      "sourceMappingURLComment": "\n//# sourceMappingURL=[url]",
      "moduleFilenameTemplate": "webpack:///[resourcePath]",
      "fallbackModuleFilenameTemplate": "webpack:///[resourcePath]?[hash]",
      "options": {
        "sourceMapFilename": "[file].map"
      },
      "__name": "SourceMapDevToolPlugin"
    },
    {
      "filename": "[name].style.css",
      "id": 2,
      "options": {},
      "__name": "ExtractTextPlugin"
    },
    {
      "__name": "NoEmitOnErrorsPlugin"
    },
    {
      "__name": "DonePlugin"
    }
  ],
  "context": "D:\\COGS-MX\\Code\\COGS_MX\\src\\client",
  "entry": "./app.jsx",
  "output": {
    "path": "D:\\COGS-MX\\Code\\COGS_MX\\dist\\js",
    "pathinfo": false,
    "publicPath": "http://localhost:2992/js/",
    "chunkFilename": "[hash].[name].js",
    "filename": "[name].bundle.dev.js"
  },
  "resolve": {
    "alias": {},
    "symlinks": true,
    "plugins": [
      {
        "source": "module",
        "nmPath": "node_modules",
        "originDir": "D:\\COGS-MX\\Code\\COGS_MX\\node_modules\\electrode-archetype-react-app-dev",
        "target": "resolve"
      }
    ],
    "modules": [
      "D:\\COGS-MX\\Code\\COGS_MX\\src",
      "D:\\COGS-MX\\Code\\COGS_MX",
      "node_modules"
    ],
    "extensions": [
      ".js",
      ".jsx",
      ".json"
    ]
  },
  "resolveLoader": {
    "symlinks": true,
    "modules": [
      "D:\\COGS-MX\\Code\\COGS_MX\\lib",
      "D:\\COGS-MX\\Code\\COGS_MX"
    ],
    "plugins": [
      {
        "source": "module",
        "nmPath": "node_modules",
        "originDir": "D:\\COGS-MX\\Code\\COGS_MX\\node_modules\\electrode-archetype-react-app-dev",
        "target": "resolve"
      }
    ]
  },
  "module": {
    "rules": [
      {
        "test": {},
        "use": [
          {
            "loader": "babel-loader",
            "options": {
              "cacheDirectory": "D:\\COGS-MX\\Code\\COGS_MX\\.etmp\\babel-loader"
            }
          }
        ]
      },
      {
        "test": {},
        "loader": [
          {
            "loader": "D:\\COGS-MX\\Code\\COGS_MX\\node_modules\\extract-text-webpack-plugin\\dist\\loader.js",
            "options": {
              "omit": 1,
              "remove": true,
              "publicPath": ""
            }
          },
          {
            "loader": "D:\\COGS-MX\\Code\\COGS_MX\\node_modules\\style-loader\\index.js"
          },
          {
            "loader": "D:\\COGS-MX\\Code\\COGS_MX\\node_modules\\css-loader\\index.js?modules&localIdentName=[name]__[local]___[hash:base64:5]&-autoprefixer"
          },
          {
            "loader": "D:\\COGS-MX\\Code\\COGS_MX\\node_modules\\postcss-loader\\index.js"
          }
        ]
      },
      {
        "test": {},
        "use": [
          {
            "loader": "D:\\COGS-MX\\Code\\COGS_MX\\node_modules\\extract-text-webpack-plugin\\dist\\loader.js",
            "options": {
              "omit": 1,
              "remove": true,
              "publicPath": ""
            }
          },
          {
            "loader": "D:\\COGS-MX\\Code\\COGS_MX\\node_modules\\style-loader\\index.js"
          },
          {
            "loader": "D:\\COGS-MX\\Code\\COGS_MX\\node_modules\\css-loader\\index.js?modules&localIdentName=[name]__[local]___[hash:base64:5]&-autoprefixer"
          },
          {
            "loader": "D:\\COGS-MX\\Code\\COGS_MX\\node_modules\\postcss-loader\\index.js"
          },
          {
            "loader": "D:\\COGS-MX\\Code\\COGS_MX\\node_modules\\sass-loader\\lib\\loader.js"
          }
        ]
      },
      {
        "test": {},
        "use": [
          {
            "loader": "D:\\COGS-MX\\Code\\COGS_MX\\node_modules\\extract-text-webpack-plugin\\dist\\loader.js",
            "options": {
              "omit": 1,
              "remove": true,
              "publicPath": ""
            }
          },
          {
            "loader": "D:\\COGS-MX\\Code\\COGS_MX\\node_modules\\style-loader\\index.js"
          },
          {
            "loader": "D:\\COGS-MX\\Code\\COGS_MX\\node_modules\\css-loader\\index.js?modules&localIdentName=[name]__[local]___[hash:base64:5]&-autoprefixer"
          },
          {
            "loader": "D:\\COGS-MX\\Code\\COGS_MX\\node_modules\\postcss-loader\\index.js"
          },
          {
            "loader": "D:\\COGS-MX\\Code\\COGS_MX\\node_modules\\stylus-relative-loader\\index.js"
          }
        ]
      },
      {
        "test": {},
        "use": [
          {
            "loader": "D:\\COGS-MX\\Code\\COGS_MX\\node_modules\\url-loader\\index.js",
            "options": {
              "limit": 1000,
              "mimetype": "application/font-woff"
            }
          },
          "D:\\COGS-MX\\Code\\COGS_MX\\node_modules\\isomorphic-loader\\index.js"
        ]
      },
      {
        "test": {},
        "use": [
          "D:\\COGS-MX\\Code\\COGS_MX\\node_modules\\file-loader\\index.js",
          "D:\\COGS-MX\\Code\\COGS_MX\\node_modules\\isomorphic-loader\\index.js"
        ]
      },
      {
        "test": {},
        "use": [
          {
            "loader": "D:\\COGS-MX\\Code\\COGS_MX\\node_modules\\electrode-cdn-file-loader\\index.js",
            "options": {
              "limit": 10000
            }
          },
          "D:\\COGS-MX\\Code\\COGS_MX\\node_modules\\isomorphic-loader\\index.js"
        ]
      }
    ]
  },
  "devServer": {
    "https": false,
    "disableHostCheck": true,
    "headers": {
      "Access-Control-Allow-Origin": "*"
    }
  }
}
2018-12-12T11:19:50.583Z - info: Setting up DLL assets routes for webpack dev server
2018-12-12T11:20:07.993Z - info: APP_SRC_DIR set to src/
2018-12-12T11:25:15.607Z - info: APP_SRC_DIR set to src/
2018-12-12T11:27:01.077Z - info: APP_SRC_DIR set to src/
2018-12-12T11:28:19.642Z - info: APP_SRC_DIR set to src/
2018-12-12T11:29:24.887Z - info: APP_SRC_DIR set to src/
2018-12-12T11:44:51.870Z - info: APP_SRC_DIR set to src/
2018-12-12T12:13:01.643Z - info: APP_SRC_DIR set to src/
2018-12-12T12:33:42.398Z - info: APP_SRC_DIR set to src/
2018-12-12T12:34:54.535Z - info: APP_SRC_DIR set to src/
2018-12-12T12:48:54.745Z - info: APP_SRC_DIR set to src/
2018-12-12T12:49:07.995Z - info: APP_SRC_DIR set to src/
2018-12-12T12:55:46.005Z - info: APP_SRC_DIR set to src/
2018-12-12T13:17:39.088Z - info: APP_SRC_DIR set to src/
2018-12-12T13:19:16.082Z - info: APP_SRC_DIR set to src/
2018-12-12T13:19:30.216Z - info: APP_SRC_DIR set to src/
2018-12-12T13:19:37.690Z - info: APP_SRC_DIR set to src/
2018-12-12T13:26:10.671Z - info: APP_SRC_DIR set to src/
2018-12-12T13:29:06.342Z - info: APP_SRC_DIR set to src/
2018-12-12T13:31:08.202Z - info: APP_SRC_DIR set to src/
2018-12-12T13:32:13.499Z - info: APP_SRC_DIR set to src/
2018-12-12T13:33:35.859Z - info: APP_SRC_DIR set to src/
2018-12-12T13:33:49.949Z - info: APP_SRC_DIR set to src/
2018-12-12T14:16:10.015Z - info: APP_SRC_DIR set to src/
2018-12-12T14:17:50.497Z - info: APP_SRC_DIR set to src/
2018-12-12T14:18:27.623Z - info: APP_SRC_DIR set to src/
2018-12-12T14:20:00.624Z - info: APP_SRC_DIR set to src/
2018-12-12T14:21:23.819Z - info: APP_SRC_DIR set to src/
2018-12-12T14:21:41.995Z - info: APP_SRC_DIR set to src/
2018-12-12T14:23:24.503Z - info: APP_SRC_DIR set to src/
2018-12-12T14:28:03.361Z - info: APP_SRC_DIR set to src/
2018-12-12T14:30:07.874Z - info: APP_SRC_DIR set to src/
2018-12-12T14:30:51.649Z - info: APP_SRC_DIR set to src/
2018-12-12T14:31:17.555Z - info: APP_SRC_DIR set to src/
2018-12-12T14:32:48.312Z - info: APP_SRC_DIR set to src/
2018-12-12T14:33:43.299Z - info: APP_SRC_DIR set to src/
2018-12-12T14:39:53.051Z - info: APP_SRC_DIR set to src/
2018-12-12T14:41:16.149Z - info: APP_SRC_DIR set to src/
2018-12-12T14:41:36.211Z - info: APP_SRC_DIR set to src/
2018-12-12T14:42:52.881Z - info: APP_SRC_DIR set to src/
2018-12-12T15:28:43.163Z - info: APP_SRC_DIR set to src/
2018-12-12T15:29:58.459Z - info: APP_SRC_DIR set to src/
2018-12-12T15:30:28.357Z - info: APP_SRC_DIR set to src/
2018-12-12T15:30:58.113Z - info: APP_SRC_DIR set to src/
2018-12-12T15:31:15.739Z - info: APP_SRC_DIR set to src/
